<?xml version="1.0" encoding="UTF-8"?>
<!-- Generated by org.testng.reporters.JUnitXMLReporter -->
<testsuite ignored="4" hostname="LAPTOP-M9MJF76J" failures="0" tests="3" name="chromeTest" time="15.506" errors="0" timestamp="2022-12-30T08:14:54 IST">
  <testcase classname="com.supermarket.tests.LoginTest" name="loginWithInvalidCredentials" time="1.864"/>
  <testcase classname="com.supermarket.tests.LoginTest" name="loginWithInvalidCredentials" time="1.041"/>
  <testcase classname="com.supermarket.tests.LoginTest" name="loginwithvalidcredentials" time="2.82"/>
  <testcase classname="com.supermarket.tests.BaseClass" name="@AfterSuite afterSuite" time="0.0">
    <ignored/>
  </testcase> <!-- @AfterSuite afterSuite -->
  <testcase classname="com.supermarket.tests.BaseClass" name="@AfterTest afterTest" time="0.0">
    <ignored/>
  </testcase> <!-- @AfterTest afterTest -->
  <testcase classname="com.supermarket.tests.BaseClass" name="@BeforeSuite beforeSuite" time="0.0">
    <ignored/>
  </testcase> <!-- @BeforeSuite beforeSuite -->
  <testcase classname="com.supermarket.tests.BaseClass" name="@BeforeTest beforeTest" time="0.0">
    <ignored/>
  </testcase> <!-- @BeforeTest beforeTest -->
</testsuite> <!-- chromeTest -->
