<?xml version="1.0" encoding="UTF-8"?>
<!-- Generated by org.testng.reporters.JUnitXMLReporter -->
<testsuite ignored="4" hostname="LAPTOP-M9MJF76J" failures="0" tests="3" name="edgeTest" time="93.208" errors="0" timestamp="2022-12-30T08:16:27 IST">
  <testcase classname="com.supermarket.tests.LoginTest" name="loginWithInvalidCredentials" time="1.591"/>
  <testcase classname="com.supermarket.tests.LoginTest" name="loginWithInvalidCredentials" time="2.437"/>
  <testcase classname="com.supermarket.tests.LoginTest" name="loginwithvalidcredentials" time="2.407"/>
  <testcase classname="com.supermarket.tests.BaseClass" name="@AfterTest afterTest" time="0.0">
    <ignored/>
  </testcase> <!-- @AfterTest afterTest -->
  <testcase classname="com.supermarket.tests.BaseClass" name="@AfterSuite afterSuite" time="0.0">
    <ignored/>
  </testcase> <!-- @AfterSuite afterSuite -->
  <testcase classname="com.supermarket.tests.BaseClass" name="@BeforeSuite beforeSuite" time="0.0">
    <ignored/>
  </testcase> <!-- @BeforeSuite beforeSuite -->
  <testcase classname="com.supermarket.tests.BaseClass" name="@BeforeTest beforeTest" time="0.0">
    <ignored/>
  </testcase> <!-- @BeforeTest beforeTest -->
</testsuite> <!-- edgeTest -->
