<?xml version="1.0" encoding="UTF-8"?>
<!-- Generated by org.testng.reporters.JUnitXMLReporter -->
<testsuite ignored="1" hostname="LAPTOP-M9MJF76J" failures="0" tests="6" name="Test" time="28.276" errors="0" timestamp="2023-01-22T22:12:29 IST">
  <testcase classname="com.supermarket.tests.ManageDeliveryBoyTest" name="manageDeliveryLinkClick" time="3.685"/>
  <testcase classname="com.supermarket.tests.ManageDeliveryBoyTest" name="addDeliveryBoy" time="5.594"/>
  <testcase classname="com.supermarket.tests.ManageDeliveryBoyTest" name="searchDeliveryBoy" time="0.819"/>
  <testcase classname="com.supermarket.tests.ManageDeliveryBoyTest" name="editDeliveryBoy" time="7.342"/>
  <testcase classname="com.supermarket.tests.ManageDeliveryBoyTest" name="deleteDeliveryBoy" time="2.505"/>
  <testcase classname="com.supermarket.tests.ManageDeliveryBoyTest" name="navigateBackToHome" time="0.564"/>
  <testcase classname="com.supermarket.tests.ManageDeliveryBoyTest" name="cancelDetails" time="0.0">
    <ignored/>
  </testcase> <!-- cancelDetails -->
</testsuite> <!-- Test -->
